<?xml version="1.0" encoding="UTF-8"?>
<testsuite xmlns:xsi="http://www.w3.org/2001/XMLSchema-instance" xsi:noNamespaceSchemaLocation="https://maven.apache.org/surefire/maven-surefire-plugin/xsd/surefire-test-report-3.0.xsd" version="3.0" name="taskmaster.DBTests" time="2.949" tests="4" errors="0" skipped="0" failures="0">
  <properties>
[...]
</properties>
  <testcase name="deleteCategory" classname="taskmaster.DBTests" time="0.09">
    <system-out><![CDATA[11:04:05.691 [main] INFO org.springframework.test.context.support.AnnotationConfigContextLoaderUtils -- Could not detect default configuration classes for test class [taskmaster.DBTests]: DBTests does not declare any static, non-private, non-final, nested classes annotated with @Configuration.
11:04:05.805 [main] INFO org.springframework.boot.test.context.SpringBootTestContextBootstrapper -- Found @SpringBootConfiguration taskmaster.Application for test class taskmaster.DBTests

  .   ____          _            __ _ _
 /\\ / ___'_ __ _ _(_)_ __  __ _ \ \ \ \
( ( )\___ | '_ | '_| | '_ \/ _` | \ \ \ \
 \\/  ___)| |_)| | | | | || (_| |  ) ) ) )
  '  |____| .__|_| |_|_| |_\__, | / / / /
 =========|_|==============|___/=/_/_/_/
 :: Spring Boot ::                (v3.2.3)

2024-04-19T11:04:06.180+02:00  INFO 4712 --- [           main] taskmaster.DBTests                       : Starting DBTests using Java 21.0.2 with PID 4712 (started by M295 in C:\Users\M295\Desktop\TaskMaster1)
2024-04-19T11:04:06.181+02:00  INFO 4712 --- [           main] taskmaster.DBTests                       : No active profile set, falling back to 1 default profile: "default"
2024-04-19T11:04:06.457+02:00  INFO 4712 --- [           main] .s.d.r.c.RepositoryConfigurationDelegate : Bootstrapping Spring Data JPA repositories in DEFAULT mode.
2024-04-19T11:04:06.501+02:00  INFO 4712 --- [           main] .s.d.r.c.RepositoryConfigurationDelegate : Finished Spring Data repository scanning in 37 ms. Found 3 JPA repository interfaces.
2024-04-19T11:04:06.840+02:00  INFO 4712 --- [           main] o.hibernate.jpa.internal.util.LogHelper  : HHH000204: Processing PersistenceUnitInfo [name: default]
2024-04-19T11:04:06.895+02:00  INFO 4712 --- [           main] org.hibernate.Version                    : HHH000412: Hibernate ORM core version 6.4.4.Final
2024-04-19T11:04:06.927+02:00  INFO 4712 --- [           main] o.h.c.internal.RegionFactoryInitiator    : HHH000026: Second-level cache disabled
2024-04-19T11:04:07.025+02:00  INFO 4712 --- [           main] o.s.o.j.p.SpringPersistenceUnitInfo      : No LoadTimeWeaver setup: ignoring JPA class transformer
2024-04-19T11:04:07.050+02:00  INFO 4712 --- [           main] com.zaxxer.hikari.HikariDataSource       : HikariPool-1 - Starting...
2024-04-19T11:04:07.228+02:00  INFO 4712 --- [           main] com.zaxxer.hikari.pool.HikariPool        : HikariPool-1 - Added connection conn0: url=jdbc:h2:mem:cb1062eb-7969-4957-a0ef-109786ced309 user=SA
2024-04-19T11:04:07.229+02:00  INFO 4712 --- [           main] com.zaxxer.hikari.HikariDataSource       : HikariPool-1 - Start completed.
2024-04-19T11:04:07.954+02:00  INFO 4712 --- [           main] o.h.e.t.j.p.i.JtaPlatformInitiator       : HHH000489: No JTA platform available (set 'hibernate.transaction.jta.platform' to enable JTA platform integration)
Hibernate: create table category (category_id bigint generated by default as identity, color varchar(255) not null, title varchar(255) not null, primary key (category_id))
Hibernate: create table tag (tag_id bigint generated by default as identity, title varchar(255) not null, primary key (tag_id))
Hibernate: create table task (task_id bigint generated by default as identity, description varchar(255) not null, title varchar(255) not null, category_id bigint, primary key (task_id))
Hibernate: create table task_tag (task_id bigint not null, tag_id bigint not null)
Hibernate: alter table if exists task add constraint FKkjb4pwpo8oqc8fvkgbmiitsu9 foreign key (category_id) references category
Hibernate: alter table if exists task_tag add constraint FK9mp6455j6w7duvlo9cwok7s6j foreign key (tag_id) references tag
Hibernate: alter table if exists task_tag add constraint FKmnb6mkxwtvkg1utqig0ps56ne foreign key (task_id) references task
2024-04-19T11:04:08.008+02:00  INFO 4712 --- [           main] j.LocalContainerEntityManagerFactoryBean : Initialized JPA EntityManagerFactory for persistence unit 'default'
2024-04-19T11:04:08.362+02:00  INFO 4712 --- [           main] taskmaster.DBTests                       : Started DBTests in 2.501 seconds (process running for 4.452)
Hibernate: insert into category (color,title,category_id) values (?,?,default)
Hibernate: delete from category where category_id=?
]]></system-out>
  </testcase>
  <testcase name="updateCategory" classname="taskmaster.DBTests" time="0.014">
    <system-out><![CDATA[Hibernate: insert into category (color,title,category_id) values (?,?,default)
Hibernate: update category set color=?,title=? where category_id=?
]]></system-out>
  </testcase>
  <testcase name="insertCategory" classname="taskmaster.DBTests" time="0.004">
    <system-out><![CDATA[Hibernate: insert into category (color,title,category_id) values (?,?,default)
Hibernate: insert into category (color,title,category_id) values (?,?,default)
]]></system-out>
  </testcase>
  <testcase name="getCategory" classname="taskmaster.DBTests" time="0.004">
    <system-out><![CDATA[Hibernate: insert into category (color,title,category_id) values (?,?,default)
]]></system-out>
  </testcase>
</testsuite>